{"/Users/alexandrebelin/Programming/Vinted/Back/app.js": {"path":"/Users/alexandrebelin/Programming/Vinted/Back/app.js","statementMap":{"0":{"start":{"line":1,"column":16},"end":{"line":1,"column":34}},"1":{"start":{"line":2,"column":19},"end":{"line":2,"column":48}},"2":{"start":{"line":4,"column":19},"end":{"line":4,"column":43}},"3":{"start":{"line":5,"column":13},"end":{"line":5,"column":28}},"4":{"start":{"line":6,"column":0},"end":{"line":6,"column":27}},"5":{"start":{"line":8,"column":12},"end":{"line":8,"column":21}},"6":{"start":{"line":9,"column":0},"end":{"line":9,"column":22}},"7":{"start":{"line":10,"column":0},"end":{"line":10,"column":16}},"8":{"start":{"line":12,"column":19},"end":{"line":12,"column":43}},"9":{"start":{"line":13,"column":22},"end":{"line":13,"column":49}},"10":{"start":{"line":14,"column":0},"end":{"line":14,"column":20}},"11":{"start":{"line":15,"column":0},"end":{"line":15,"column":23}},"12":{"start":{"line":17,"column":0},"end":{"line":21,"column":3}},"13":{"start":{"line":23,"column":0},"end":{"line":25,"column":3}},"14":{"start":{"line":24,"column":2},"end":{"line":24,"column":64}},"15":{"start":{"line":27,"column":0},"end":{"line":27,"column":21}}},"fnMap":{"0":{"name":"(anonymous_0)","decl":{"start":{"line":23,"column":13},"end":{"line":23,"column":14}},"loc":{"start":{"line":23,"column":27},"end":{"line":25,"column":1}},"line":23}},"branchMap":{},"s":{"0":2,"1":2,"2":2,"3":2,"4":2,"5":2,"6":2,"7":2,"8":2,"9":2,"10":2,"11":2,"12":2,"13":2,"14":0,"15":2},"f":{"0":0},"b":{},"_coverageSchema":"1a1c01bbd47fc00a2c39e90264f33305004495a9","hash":"dc6f694ea299a60d53b305a5b6742232e5f93ac1"}
,"/Users/alexandrebelin/Programming/Vinted/Back/Middleware/isAuthenticated.js": {"path":"/Users/alexandrebelin/Programming/Vinted/Back/Middleware/isAuthenticated.js","statementMap":{"0":{"start":{"line":1,"column":13},"end":{"line":1,"column":38}},"1":{"start":{"line":3,"column":24},"end":{"line":22,"column":1}},"2":{"start":{"line":4,"column":2},"end":{"line":21,"column":3}},"3":{"start":{"line":5,"column":4},"end":{"line":18,"column":5}},"4":{"start":{"line":6,"column":19},"end":{"line":8,"column":8}},"5":{"start":{"line":10,"column":6},"end":{"line":15,"column":7}},"6":{"start":{"line":11,"column":8},"end":{"line":11,"column":24}},"7":{"start":{"line":12,"column":8},"end":{"line":12,"column":22}},"8":{"start":{"line":14,"column":8},"end":{"line":14,"column":65}},"9":{"start":{"line":17,"column":6},"end":{"line":17,"column":63}},"10":{"start":{"line":20,"column":4},"end":{"line":20,"column":58}},"11":{"start":{"line":24,"column":0},"end":{"line":24,"column":33}}},"fnMap":{"0":{"name":"(anonymous_0)","decl":{"start":{"line":3,"column":24},"end":{"line":3,"column":25}},"loc":{"start":{"line":3,"column":50},"end":{"line":22,"column":1}},"line":3}},"branchMap":{"0":{"loc":{"start":{"line":5,"column":4},"end":{"line":18,"column":5}},"type":"if","locations":[{"start":{"line":5,"column":4},"end":{"line":18,"column":5}},{"start":{"line":5,"column":4},"end":{"line":18,"column":5}}],"line":5},"1":{"loc":{"start":{"line":10,"column":6},"end":{"line":15,"column":7}},"type":"if","locations":[{"start":{"line":10,"column":6},"end":{"line":15,"column":7}},{"start":{"line":10,"column":6},"end":{"line":15,"column":7}}],"line":10}},"s":{"0":2,"1":2,"2":5,"3":5,"4":5,"5":5,"6":5,"7":5,"8":0,"9":0,"10":0,"11":2},"f":{"0":5},"b":{"0":[5,0],"1":[5,0]},"_coverageSchema":"1a1c01bbd47fc00a2c39e90264f33305004495a9","hash":"3a9cb28bcaee2060c66e9ce97cb655773faaefef"}
,"/Users/alexandrebelin/Programming/Vinted/Back/Models/Offer.js": {"path":"/Users/alexandrebelin/Programming/Vinted/Back/Models/Offer.js","statementMap":{"0":{"start":{"line":1,"column":17},"end":{"line":1,"column":36}},"1":{"start":{"line":3,"column":14},"end":{"line":13,"column":2}},"2":{"start":{"line":14,"column":0},"end":{"line":14,"column":23}}},"fnMap":{},"branchMap":{},"s":{"0":2,"1":2,"2":2},"f":{},"b":{},"_coverageSchema":"1a1c01bbd47fc00a2c39e90264f33305004495a9","hash":"4321f41c0b33c487fa96b727bec613221d568415"}
,"/Users/alexandrebelin/Programming/Vinted/Back/Models/User.js": {"path":"/Users/alexandrebelin/Programming/Vinted/Back/Models/User.js","statementMap":{"0":{"start":{"line":1,"column":17},"end":{"line":1,"column":36}},"1":{"start":{"line":3,"column":13},"end":{"line":19,"column":2}},"2":{"start":{"line":21,"column":0},"end":{"line":21,"column":22}}},"fnMap":{},"branchMap":{},"s":{"0":2,"1":2,"2":2},"f":{},"b":{},"_coverageSchema":"1a1c01bbd47fc00a2c39e90264f33305004495a9","hash":"f53a24be1c0452aaf1f81799c6dd5bb18810b5bc"}
,"/Users/alexandrebelin/Programming/Vinted/Back/Routes/publish.js": {"path":"/Users/alexandrebelin/Programming/Vinted/Back/Routes/publish.js","statementMap":{"0":{"start":{"line":1,"column":16},"end":{"line":1,"column":34}},"1":{"start":{"line":2,"column":19},"end":{"line":2,"column":43}},"2":{"start":{"line":3,"column":15},"end":{"line":3,"column":31}},"3":{"start":{"line":5,"column":14},"end":{"line":5,"column":40}},"4":{"start":{"line":6,"column":13},"end":{"line":6,"column":38}},"5":{"start":{"line":7,"column":24},"end":{"line":7,"column":64}},"6":{"start":{"line":9,"column":0},"end":{"line":57,"column":3}},"7":{"start":{"line":10,"column":2},"end":{"line":56,"column":3}},"8":{"start":{"line":20,"column":8},"end":{"line":20,"column":18}},"9":{"start":{"line":22,"column":21},"end":{"line":45,"column":6}},"10":{"start":{"line":47,"column":19},"end":{"line":49,"column":6}},"11":{"start":{"line":51,"column":4},"end":{"line":51,"column":28}},"12":{"start":{"line":52,"column":4},"end":{"line":52,"column":26}},"13":{"start":{"line":53,"column":4},"end":{"line":53,"column":35}},"14":{"start":{"line":55,"column":4},"end":{"line":55,"column":45}},"15":{"start":{"line":58,"column":0},"end":{"line":114,"column":3}},"16":{"start":{"line":59,"column":2},"end":{"line":113,"column":3}},"17":{"start":{"line":60,"column":18},"end":{"line":60,"column":20}},"18":{"start":{"line":62,"column":4},"end":{"line":64,"column":5}},"19":{"start":{"line":63,"column":6},"end":{"line":63,"column":62}},"20":{"start":{"line":66,"column":4},"end":{"line":70,"column":5}},"21":{"start":{"line":67,"column":6},"end":{"line":69,"column":8}},"22":{"start":{"line":72,"column":4},"end":{"line":80,"column":5}},"23":{"start":{"line":73,"column":6},"end":{"line":79,"column":7}},"24":{"start":{"line":74,"column":8},"end":{"line":74,"column":64}},"25":{"start":{"line":76,"column":8},"end":{"line":78,"column":10}},"26":{"start":{"line":82,"column":15},"end":{"line":82,"column":17}},"27":{"start":{"line":84,"column":4},"end":{"line":86,"column":5}},"28":{"start":{"line":85,"column":6},"end":{"line":85,"column":30}},"29":{"start":{"line":87,"column":4},"end":{"line":89,"column":5}},"30":{"start":{"line":88,"column":6},"end":{"line":88,"column":29}},"31":{"start":{"line":92,"column":4},"end":{"line":96,"column":5}},"32":{"start":{"line":93,"column":6},"end":{"line":93,"column":15}},"33":{"start":{"line":95,"column":6},"end":{"line":95,"column":36}},"34":{"start":{"line":98,"column":16},"end":{"line":98,"column":39}},"35":{"start":{"line":100,"column":18},"end":{"line":100,"column":53}},"36":{"start":{"line":102,"column":19},"end":{"line":106,"column":27}},"37":{"start":{"line":107,"column":4},"end":{"line":110,"column":7}},"38":{"start":{"line":112,"column":4},"end":{"line":112,"column":51}},"39":{"start":{"line":116,"column":0},"end":{"line":178,"column":3}},"40":{"start":{"line":117,"column":13},"end":{"line":117,"column":43}},"41":{"start":{"line":119,"column":24},"end":{"line":119,"column":48}},"42":{"start":{"line":121,"column":2},"end":{"line":177,"column":3}},"43":{"start":{"line":122,"column":4},"end":{"line":124,"column":5}},"44":{"start":{"line":123,"column":6},"end":{"line":123,"column":44}},"45":{"start":{"line":125,"column":4},"end":{"line":127,"column":5}},"46":{"start":{"line":126,"column":6},"end":{"line":126,"column":57}},"47":{"start":{"line":128,"column":4},"end":{"line":130,"column":5}},"48":{"start":{"line":129,"column":6},"end":{"line":129,"column":45}},"49":{"start":{"line":132,"column":20},"end":{"line":132,"column":41}},"50":{"start":{"line":133,"column":4},"end":{"line":159,"column":5}},"51":{"start":{"line":134,"column":6},"end":{"line":138,"column":7}},"52":{"start":{"line":135,"column":8},"end":{"line":137,"column":9}},"53":{"start":{"line":136,"column":10},"end":{"line":136,"column":46}},"54":{"start":{"line":139,"column":6},"end":{"line":143,"column":7}},"55":{"start":{"line":140,"column":8},"end":{"line":142,"column":9}},"56":{"start":{"line":141,"column":10},"end":{"line":141,"column":44}},"57":{"start":{"line":144,"column":6},"end":{"line":148,"column":7}},"58":{"start":{"line":145,"column":8},"end":{"line":147,"column":9}},"59":{"start":{"line":146,"column":10},"end":{"line":146,"column":54}},"60":{"start":{"line":149,"column":6},"end":{"line":153,"column":7}},"61":{"start":{"line":150,"column":8},"end":{"line":152,"column":9}},"62":{"start":{"line":151,"column":10},"end":{"line":151,"column":46}},"63":{"start":{"line":154,"column":6},"end":{"line":158,"column":7}},"64":{"start":{"line":155,"column":8},"end":{"line":157,"column":9}},"65":{"start":{"line":156,"column":10},"end":{"line":156,"column":52}},"66":{"start":{"line":162,"column":4},"end":{"line":162,"column":42}},"67":{"start":{"line":164,"column":4},"end":{"line":169,"column":5}},"68":{"start":{"line":165,"column":21},"end":{"line":167,"column":8}},"69":{"start":{"line":168,"column":6},"end":{"line":168,"column":35}},"70":{"start":{"line":171,"column":4},"end":{"line":171,"column":31}},"71":{"start":{"line":173,"column":4},"end":{"line":173,"column":40}},"72":{"start":{"line":175,"column":4},"end":{"line":175,"column":31}},"73":{"start":{"line":176,"column":4},"end":{"line":176,"column":51}},"74":{"start":{"line":180,"column":0},"end":{"line":198,"column":3}},"75":{"start":{"line":181,"column":2},"end":{"line":197,"column":3}},"76":{"start":{"line":182,"column":15},"end":{"line":182,"column":45}},"77":{"start":{"line":185,"column":4},"end":{"line":185,"column":75}},"78":{"start":{"line":187,"column":4},"end":{"line":187,"column":62}},"79":{"start":{"line":189,"column":4},"end":{"line":189,"column":45}},"80":{"start":{"line":191,"column":4},"end":{"line":191,"column":33}},"81":{"start":{"line":193,"column":4},"end":{"line":193,"column":56}},"82":{"start":{"line":195,"column":4},"end":{"line":195,"column":31}},"83":{"start":{"line":196,"column":4},"end":{"line":196,"column":60}},"84":{"start":{"line":200,"column":0},"end":{"line":200,"column":24}}},"fnMap":{"0":{"name":"(anonymous_0)","decl":{"start":{"line":9,"column":47},"end":{"line":9,"column":48}},"loc":{"start":{"line":9,"column":67},"end":{"line":57,"column":1}},"line":9},"1":{"name":"(anonymous_1)","decl":{"start":{"line":58,"column":22},"end":{"line":58,"column":23}},"loc":{"start":{"line":58,"column":42},"end":{"line":114,"column":1}},"line":58},"2":{"name":"(anonymous_2)","decl":{"start":{"line":116,"column":49},"end":{"line":116,"column":50}},"loc":{"start":{"line":116,"column":69},"end":{"line":178,"column":1}},"line":116},"3":{"name":"(anonymous_3)","decl":{"start":{"line":180,"column":52},"end":{"line":180,"column":53}},"loc":{"start":{"line":180,"column":72},"end":{"line":198,"column":1}},"line":180}},"branchMap":{"0":{"loc":{"start":{"line":62,"column":4},"end":{"line":64,"column":5}},"type":"if","locations":[{"start":{"line":62,"column":4},"end":{"line":64,"column":5}},{"start":{"line":62,"column":4},"end":{"line":64,"column":5}}],"line":62},"1":{"loc":{"start":{"line":66,"column":4},"end":{"line":70,"column":5}},"type":"if","locations":[{"start":{"line":66,"column":4},"end":{"line":70,"column":5}},{"start":{"line":66,"column":4},"end":{"line":70,"column":5}}],"line":66},"2":{"loc":{"start":{"line":72,"column":4},"end":{"line":80,"column":5}},"type":"if","locations":[{"start":{"line":72,"column":4},"end":{"line":80,"column":5}},{"start":{"line":72,"column":4},"end":{"line":80,"column":5}}],"line":72},"3":{"loc":{"start":{"line":73,"column":6},"end":{"line":79,"column":7}},"type":"if","locations":[{"start":{"line":73,"column":6},"end":{"line":79,"column":7}},{"start":{"line":73,"column":6},"end":{"line":79,"column":7}}],"line":73},"4":{"loc":{"start":{"line":84,"column":4},"end":{"line":86,"column":5}},"type":"if","locations":[{"start":{"line":84,"column":4},"end":{"line":86,"column":5}},{"start":{"line":84,"column":4},"end":{"line":86,"column":5}}],"line":84},"5":{"loc":{"start":{"line":87,"column":4},"end":{"line":89,"column":5}},"type":"if","locations":[{"start":{"line":87,"column":4},"end":{"line":89,"column":5}},{"start":{"line":87,"column":4},"end":{"line":89,"column":5}}],"line":87},"6":{"loc":{"start":{"line":92,"column":4},"end":{"line":96,"column":5}},"type":"if","locations":[{"start":{"line":92,"column":4},"end":{"line":96,"column":5}},{"start":{"line":92,"column":4},"end":{"line":96,"column":5}}],"line":92},"7":{"loc":{"start":{"line":122,"column":4},"end":{"line":124,"column":5}},"type":"if","locations":[{"start":{"line":122,"column":4},"end":{"line":124,"column":5}},{"start":{"line":122,"column":4},"end":{"line":124,"column":5}}],"line":122},"8":{"loc":{"start":{"line":125,"column":4},"end":{"line":127,"column":5}},"type":"if","locations":[{"start":{"line":125,"column":4},"end":{"line":127,"column":5}},{"start":{"line":125,"column":4},"end":{"line":127,"column":5}}],"line":125},"9":{"loc":{"start":{"line":128,"column":4},"end":{"line":130,"column":5}},"type":"if","locations":[{"start":{"line":128,"column":4},"end":{"line":130,"column":5}},{"start":{"line":128,"column":4},"end":{"line":130,"column":5}}],"line":128},"10":{"loc":{"start":{"line":134,"column":6},"end":{"line":138,"column":7}},"type":"if","locations":[{"start":{"line":134,"column":6},"end":{"line":138,"column":7}},{"start":{"line":134,"column":6},"end":{"line":138,"column":7}}],"line":134},"11":{"loc":{"start":{"line":135,"column":8},"end":{"line":137,"column":9}},"type":"if","locations":[{"start":{"line":135,"column":8},"end":{"line":137,"column":9}},{"start":{"line":135,"column":8},"end":{"line":137,"column":9}}],"line":135},"12":{"loc":{"start":{"line":139,"column":6},"end":{"line":143,"column":7}},"type":"if","locations":[{"start":{"line":139,"column":6},"end":{"line":143,"column":7}},{"start":{"line":139,"column":6},"end":{"line":143,"column":7}}],"line":139},"13":{"loc":{"start":{"line":140,"column":8},"end":{"line":142,"column":9}},"type":"if","locations":[{"start":{"line":140,"column":8},"end":{"line":142,"column":9}},{"start":{"line":140,"column":8},"end":{"line":142,"column":9}}],"line":140},"14":{"loc":{"start":{"line":144,"column":6},"end":{"line":148,"column":7}},"type":"if","locations":[{"start":{"line":144,"column":6},"end":{"line":148,"column":7}},{"start":{"line":144,"column":6},"end":{"line":148,"column":7}}],"line":144},"15":{"loc":{"start":{"line":145,"column":8},"end":{"line":147,"column":9}},"type":"if","locations":[{"start":{"line":145,"column":8},"end":{"line":147,"column":9}},{"start":{"line":145,"column":8},"end":{"line":147,"column":9}}],"line":145},"16":{"loc":{"start":{"line":149,"column":6},"end":{"line":153,"column":7}},"type":"if","locations":[{"start":{"line":149,"column":6},"end":{"line":153,"column":7}},{"start":{"line":149,"column":6},"end":{"line":153,"column":7}}],"line":149},"17":{"loc":{"start":{"line":150,"column":8},"end":{"line":152,"column":9}},"type":"if","locations":[{"start":{"line":150,"column":8},"end":{"line":152,"column":9}},{"start":{"line":150,"column":8},"end":{"line":152,"column":9}}],"line":150},"18":{"loc":{"start":{"line":154,"column":6},"end":{"line":158,"column":7}},"type":"if","locations":[{"start":{"line":154,"column":6},"end":{"line":158,"column":7}},{"start":{"line":154,"column":6},"end":{"line":158,"column":7}}],"line":154},"19":{"loc":{"start":{"line":155,"column":8},"end":{"line":157,"column":9}},"type":"if","locations":[{"start":{"line":155,"column":8},"end":{"line":157,"column":9}},{"start":{"line":155,"column":8},"end":{"line":157,"column":9}}],"line":155},"20":{"loc":{"start":{"line":164,"column":4},"end":{"line":169,"column":5}},"type":"if","locations":[{"start":{"line":164,"column":4},"end":{"line":169,"column":5}},{"start":{"line":164,"column":4},"end":{"line":169,"column":5}}],"line":164}},"s":{"0":2,"1":2,"2":2,"3":2,"4":2,"5":2,"6":2,"7":3,"8":3,"9":3,"10":3,"11":3,"12":3,"13":3,"14":0,"15":2,"16":0,"17":0,"18":0,"19":0,"20":0,"21":0,"22":0,"23":0,"24":0,"25":0,"26":0,"27":0,"28":0,"29":0,"30":0,"31":0,"32":0,"33":0,"34":0,"35":0,"36":0,"37":0,"38":0,"39":2,"40":1,"41":1,"42":1,"43":1,"44":1,"45":1,"46":1,"47":1,"48":1,"49":1,"50":1,"51":5,"52":1,"53":1,"54":5,"55":1,"56":1,"57":5,"58":1,"59":1,"60":5,"61":1,"62":1,"63":5,"64":1,"65":1,"66":1,"67":1,"68":1,"69":1,"70":1,"71":1,"72":0,"73":0,"74":2,"75":1,"76":1,"77":1,"78":1,"79":1,"80":1,"81":1,"82":0,"83":0,"84":2},"f":{"0":3,"1":0,"2":1,"3":1},"b":{"0":[0,0],"1":[0,0],"2":[0,0],"3":[0,0],"4":[0,0],"5":[0,0],"6":[0,0],"7":[1,0],"8":[1,0],"9":[1,0],"10":[1,4],"11":[1,0],"12":[1,4],"13":[1,0],"14":[1,4],"15":[1,0],"16":[1,4],"17":[1,0],"18":[1,4],"19":[1,0],"20":[1,0]},"_coverageSchema":"1a1c01bbd47fc00a2c39e90264f33305004495a9","hash":"764d72159d865c74911e3987edc7ad6a96f7bb82"}
,"/Users/alexandrebelin/Programming/Vinted/Back/Routes/user.js": {"path":"/Users/alexandrebelin/Programming/Vinted/Back/Routes/user.js","statementMap":{"0":{"start":{"line":1,"column":16},"end":{"line":1,"column":34}},"1":{"start":{"line":2,"column":13},"end":{"line":2,"column":28}},"2":{"start":{"line":3,"column":15},"end":{"line":3,"column":42}},"3":{"start":{"line":4,"column":18},"end":{"line":4,"column":49}},"4":{"start":{"line":5,"column":15},"end":{"line":5,"column":31}},"5":{"start":{"line":7,"column":13},"end":{"line":7,"column":38}},"6":{"start":{"line":9,"column":0},"end":{"line":48,"column":3}},"7":{"start":{"line":10,"column":2},"end":{"line":47,"column":3}},"8":{"start":{"line":11,"column":17},"end":{"line":11,"column":64}},"9":{"start":{"line":13,"column":4},"end":{"line":44,"column":5}},"10":{"start":{"line":14,"column":6},"end":{"line":41,"column":7}},"11":{"start":{"line":15,"column":25},"end":{"line":15,"column":44}},"12":{"start":{"line":17,"column":21},"end":{"line":17,"column":29}},"13":{"start":{"line":18,"column":21},"end":{"line":18,"column":64}},"14":{"start":{"line":19,"column":22},"end":{"line":19,"column":30}},"15":{"start":{"line":21,"column":24},"end":{"line":30,"column":10}},"16":{"start":{"line":31,"column":27},"end":{"line":36,"column":20}},"17":{"start":{"line":31,"column":77},"end":{"line":36,"column":9}},"18":{"start":{"line":37,"column":8},"end":{"line":37,"column":29}},"19":{"start":{"line":38,"column":8},"end":{"line":38,"column":41}},"20":{"start":{"line":40,"column":8},"end":{"line":40,"column":62}},"21":{"start":{"line":43,"column":6},"end":{"line":43,"column":62}},"22":{"start":{"line":46,"column":4},"end":{"line":46,"column":51}},"23":{"start":{"line":50,"column":0},"end":{"line":71,"column":3}},"24":{"start":{"line":51,"column":2},"end":{"line":70,"column":3}},"25":{"start":{"line":52,"column":17},"end":{"line":52,"column":64}},"26":{"start":{"line":54,"column":4},"end":{"line":67,"column":5}},"27":{"start":{"line":55,"column":22},"end":{"line":57,"column":7}},"28":{"start":{"line":58,"column":6},"end":{"line":64,"column":7}},"29":{"start":{"line":59,"column":8},"end":{"line":61,"column":77}},"30":{"start":{"line":63,"column":8},"end":{"line":63,"column":56}},"31":{"start":{"line":66,"column":6},"end":{"line":66,"column":54}},"32":{"start":{"line":69,"column":4},"end":{"line":69,"column":51}},"33":{"start":{"line":73,"column":0},"end":{"line":73,"column":24}}},"fnMap":{"0":{"name":"(anonymous_0)","decl":{"start":{"line":9,"column":28},"end":{"line":9,"column":29}},"loc":{"start":{"line":9,"column":48},"end":{"line":48,"column":1}},"line":9},"1":{"name":"(anonymous_1)","decl":{"start":{"line":31,"column":28},"end":{"line":31,"column":29}},"loc":{"start":{"line":31,"column":77},"end":{"line":36,"column":9}},"line":31},"2":{"name":"(anonymous_2)","decl":{"start":{"line":50,"column":27},"end":{"line":50,"column":28}},"loc":{"start":{"line":50,"column":47},"end":{"line":71,"column":1}},"line":50}},"branchMap":{"0":{"loc":{"start":{"line":13,"column":4},"end":{"line":44,"column":5}},"type":"if","locations":[{"start":{"line":13,"column":4},"end":{"line":44,"column":5}},{"start":{"line":13,"column":4},"end":{"line":44,"column":5}}],"line":13},"1":{"loc":{"start":{"line":14,"column":6},"end":{"line":41,"column":7}},"type":"if","locations":[{"start":{"line":14,"column":6},"end":{"line":41,"column":7}},{"start":{"line":14,"column":6},"end":{"line":41,"column":7}}],"line":14},"2":{"loc":{"start":{"line":14,"column":10},"end":{"line":14,"column":72}},"type":"binary-expr","locations":[{"start":{"line":14,"column":10},"end":{"line":14,"column":26}},{"start":{"line":14,"column":30},"end":{"line":14,"column":49}},{"start":{"line":14,"column":53},"end":{"line":14,"column":72}}],"line":14},"3":{"loc":{"start":{"line":54,"column":4},"end":{"line":67,"column":5}},"type":"if","locations":[{"start":{"line":54,"column":4},"end":{"line":67,"column":5}},{"start":{"line":54,"column":4},"end":{"line":67,"column":5}}],"line":54},"4":{"loc":{"start":{"line":58,"column":6},"end":{"line":64,"column":7}},"type":"if","locations":[{"start":{"line":58,"column":6},"end":{"line":64,"column":7}},{"start":{"line":58,"column":6},"end":{"line":64,"column":7}}],"line":58}},"s":{"0":2,"1":2,"2":2,"3":2,"4":2,"5":2,"6":2,"7":12,"8":12,"9":12,"10":11,"11":8,"12":8,"13":8,"14":8,"15":8,"16":8,"17":8,"18":8,"19":8,"20":3,"21":1,"22":0,"23":2,"24":6,"25":6,"26":6,"27":5,"28":5,"29":4,"30":1,"31":1,"32":0,"33":2},"f":{"0":12,"1":8,"2":6},"b":{"0":[11,1],"1":[8,3],"2":[11,10,9],"3":[5,1],"4":[4,1]},"_coverageSchema":"1a1c01bbd47fc00a2c39e90264f33305004495a9","hash":"b5b422d4db27069bff0d3836730d769b0dfdb416"}
}
