TN:
SF:app.js
FN:23,(anonymous_0)
FNF:1
FNH:0
FNDA:0,(anonymous_0)
DA:1,2
DA:2,2
DA:4,2
DA:5,2
DA:6,2
DA:8,2
DA:9,2
DA:10,2
DA:12,2
DA:13,2
DA:14,2
DA:15,2
DA:17,2
DA:23,2
DA:24,0
DA:27,2
LF:16
LH:15
BRF:0
BRH:0
end_of_record
TN:
SF:Middleware/isAuthenticated.js
FN:3,(anonymous_0)
FNF:1
FNH:1
FNDA:5,(anonymous_0)
DA:1,2
DA:3,2
DA:4,5
DA:5,5
DA:6,5
DA:10,5
DA:11,5
DA:12,5
DA:14,0
DA:17,0
DA:20,0
DA:24,2
LF:12
LH:9
BRDA:5,0,0,5
BRDA:5,0,1,0
BRDA:10,1,0,5
BRDA:10,1,1,0
BRF:4
BRH:2
end_of_record
TN:
SF:Models/Offer.js
FNF:0
FNH:0
DA:1,2
DA:3,2
DA:14,2
LF:3
LH:3
BRF:0
BRH:0
end_of_record
TN:
SF:Models/User.js
FNF:0
FNH:0
DA:1,2
DA:3,2
DA:21,2
LF:3
LH:3
BRF:0
BRH:0
end_of_record
TN:
SF:Routes/publish.js
FN:9,(anonymous_0)
FN:58,(anonymous_1)
FN:116,(anonymous_2)
FN:180,(anonymous_3)
FNF:4
FNH:3
FNDA:3,(anonymous_0)
FNDA:0,(anonymous_1)
FNDA:1,(anonymous_2)
FNDA:1,(anonymous_3)
DA:1,2
DA:2,2
DA:3,2
DA:5,2
DA:6,2
DA:7,2
DA:9,2
DA:10,3
DA:20,3
DA:22,3
DA:47,3
DA:51,3
DA:52,3
DA:53,3
DA:55,0
DA:58,2
DA:59,0
DA:60,0
DA:62,0
DA:63,0
DA:66,0
DA:67,0
DA:72,0
DA:73,0
DA:74,0
DA:76,0
DA:82,0
DA:84,0
DA:85,0
DA:87,0
DA:88,0
DA:92,0
DA:93,0
DA:95,0
DA:98,0
DA:100,0
DA:102,0
DA:107,0
DA:112,0
DA:116,2
DA:117,1
DA:119,1
DA:121,1
DA:122,1
DA:123,1
DA:125,1
DA:126,1
DA:128,1
DA:129,1
DA:132,1
DA:133,1
DA:134,5
DA:135,1
DA:136,1
DA:139,5
DA:140,1
DA:141,1
DA:144,5
DA:145,1
DA:146,1
DA:149,5
DA:150,1
DA:151,1
DA:154,5
DA:155,1
DA:156,1
DA:162,1
DA:164,1
DA:165,1
DA:168,1
DA:171,1
DA:173,1
DA:175,0
DA:176,0
DA:180,2
DA:181,1
DA:182,1
DA:185,1
DA:187,1
DA:189,1
DA:191,1
DA:193,1
DA:195,0
DA:196,0
DA:200,2
LF:85
LH:57
BRDA:62,0,0,0
BRDA:62,0,1,0
BRDA:66,1,0,0
BRDA:66,1,1,0
BRDA:72,2,0,0
BRDA:72,2,1,0
BRDA:73,3,0,0
BRDA:73,3,1,0
BRDA:84,4,0,0
BRDA:84,4,1,0
BRDA:87,5,0,0
BRDA:87,5,1,0
BRDA:92,6,0,0
BRDA:92,6,1,0
BRDA:122,7,0,1
BRDA:122,7,1,0
BRDA:125,8,0,1
BRDA:125,8,1,0
BRDA:128,9,0,1
BRDA:128,9,1,0
BRDA:134,10,0,1
BRDA:134,10,1,4
BRDA:135,11,0,1
BRDA:135,11,1,0
BRDA:139,12,0,1
BRDA:139,12,1,4
BRDA:140,13,0,1
BRDA:140,13,1,0
BRDA:144,14,0,1
BRDA:144,14,1,4
BRDA:145,15,0,1
BRDA:145,15,1,0
BRDA:149,16,0,1
BRDA:149,16,1,4
BRDA:150,17,0,1
BRDA:150,17,1,0
BRDA:154,18,0,1
BRDA:154,18,1,4
BRDA:155,19,0,1
BRDA:155,19,1,0
BRDA:164,20,0,1
BRDA:164,20,1,0
BRF:42
BRH:19
end_of_record
TN:
SF:Routes/user.js
FN:9,(anonymous_0)
FN:31,(anonymous_1)
FN:50,(anonymous_2)
FNF:3
FNH:3
FNDA:12,(anonymous_0)
FNDA:8,(anonymous_1)
FNDA:6,(anonymous_2)
DA:1,2
DA:2,2
DA:3,2
DA:4,2
DA:5,2
DA:7,2
DA:9,2
DA:10,12
DA:11,12
DA:13,12
DA:14,11
DA:15,8
DA:17,8
DA:18,8
DA:19,8
DA:21,8
DA:31,8
DA:37,8
DA:38,8
DA:40,3
DA:43,1
DA:46,0
DA:50,2
DA:51,6
DA:52,6
DA:54,6
DA:55,5
DA:58,5
DA:59,4
DA:63,1
DA:66,1
DA:69,0
DA:73,2
LF:33
LH:31
BRDA:13,0,0,11
BRDA:13,0,1,1
BRDA:14,1,0,8
BRDA:14,1,1,3
BRDA:14,2,0,11
BRDA:14,2,1,10
BRDA:14,2,2,9
BRDA:54,3,0,5
BRDA:54,3,1,1
BRDA:58,4,0,4
BRDA:58,4,1,1
BRF:11
BRH:11
end_of_record
